<?xml version="1.0" encoding="UTF-8"?>
<!-- Generated by org.testng.reporters.JUnitReportReporter -->
<testsuite hostname="inbl01lap5380" failures="0" tests="5" name="TestCases" time="1.018" errors="0" timestamp="2022-02-14T11:41:58 IST" skipped="0">
  <testcase classname="TestCases" name="select" time="0.109"/>
  <system-out/>
  <testcase classname="TestCases" name="button" time="0.112"/>
  <system-out/>
  <testcase classname="TestCases" name="edit" time="0.669"/>
  <system-out/>
  <testcase classname="TestCases" name="checkbox" time="0.067"/>
  <system-out/>
  <testcase classname="TestCases" name="radio" time="0.061"/>
  <system-out/>
</testsuite> <!-- TestCases -->
