<?xml version="1.0" encoding="UTF-8"?>
<!-- Generated by org.testng.reporters.JUnitReportReporter -->
<testsuite hostname="inbl01lap7206" failures="0" tests="1" name="TestCase" time="16.709" errors="0" timestamp="14 Feb 2022 14:35:40 GMT" skipped="0">
  <testcase classname="TestCase" name="Test" time="16.709"/>
</testsuite> <!-- TestCase -->
